<?xml version="1.0" encoding="UTF-8"?>
<!-- Generated by org.testng.reporters.JUnitReportReporter -->
<testsuite hostname="DESKTOP-QTSE8E2" failures="0" tests="1" name="test.LoginTest" time="10.309" errors="0" timestamp="2022-07-27T12:54:58 NPT" skipped="0">
  <testcase classname="test.LoginTest" name="login" time="10.309"/>
  <system-out/>
</testsuite> <!-- test.LoginTest -->
